


ARM Macro Assembler    Page 1 


    1 00000000         ;; RK - Evalbot (Cortex M3 de Texas Instrument)
    2 00000000         ;; Les deux LEDs sont initialement allumées
    3 00000000         ;; Ce programme lis l'état du bouton poussoir 1 connecté
                       e au port GPIOD broche 6
    4 00000000         ;; Si bouton poussoir fermé ==> fait clignoter les deux 
                       LED1&2 connectée au port GPIOF broches 4&5.
    5 00000000         
    6 00000000                 AREA             |.text|, CODE, READONLY
    7 00000000         
    8 00000000         ; This register controls the clock gating logic in norma
                       l Run mode
    9 00000000 400FE108 
                       SYSCTL_PERIPH_GPIO
                               EQU              0x400FE108  ; SYSCTL_RCGC2_R (p
                                                            291 datasheet de lm
                                                            3s9b92.pdf)
   10 00000000         
   11 00000000         ; The GPIODATA register is the data register
   12 00000000 40025000 
                       GPIO_PORTF_BASE
                               EQU              0x40025000  ; GPIO Port F (APB)
                                                             base: 0x4002.5000 
                                                            (p416 datasheet de 
                                                            lm3s9B92.pdf)
   13 00000000         
   14 00000000         ; configure the corresponding pin to be an output
   15 00000000         ; all GPIO pins are inputs by default
   16 00000000 00000400 
                       GPIO_O_DIR
                               EQU              0x00000400  ; GPIO Direction (p
                                                            417 datasheet de lm
                                                            3s9B92.pdf)
   17 00000000         
   18 00000000         ; The GPIODR2R register is the 2-mA drive control regist
                       er
   19 00000000         ; By default, all GPIO pins have 2-mA drive.
   20 00000000 00000500 
                       GPIO_O_DR2R
                               EQU              0x00000500  ; GPIO 2-mA Drive S
                                                            elect (p428 datashe
                                                            et de lm3s9B92.pdf)
                                                            
   21 00000000         
   22 00000000         ; Digital enable register
   23 00000000         ; To use the pin as a digital input or output, the corre
                       sponding GPIODEN bit must be set.
   24 00000000 0000051C 
                       GPIO_O_DEN
                               EQU              0x0000051C  ; GPIO Digital Enab
                                                            le (p437 datasheet 
                                                            de lm3s9B92.pdf)
   25 00000000         
   26 00000000         ; Broches select
   27 00000000 00000030 
                       BROCHE4_5
                               EQU              0x30        ; led1 & led2 sur b
                                                            roche 4 et 5 0b0011
                                                            0000
   28 00000000         



ARM Macro Assembler    Page 2 


   29 00000000         ; blinking frequency
   30 00000000 002FFFFF 
                       DUREE   EQU              0x002FFFFF
   31 00000000         
   32 00000000         
   33 00000000         
   34 00000000                 ENTRY
   35 00000000                 EXPORT           __main
   36 00000000         __main
   37 00000000         
   38 00000000         ; ;; Enable the Port F & D peripheral clock   (p291 data
                       sheet de lm3s9B96.pdf)
   39 00000000         ; ;;         
   40 00000000 4E11            ldr              r6, = SYSCTL_PERIPH_GPIO 
                                                            ;; RCGC2
   41 00000002 F04F 0028       mov              r0, #0x00000028 ;; Enable clock
                                                             sur GPIO D et F où
                                                             sont branchés les 
                                                            leds (0x28 == 0b101
                                                            000)
   42 00000006         ; ;;                              (GPIO::FEDCBA)
   43 00000006 6030            str              r0, [r6]
   44 00000008         
   45 00000008         ; ;; "There must be a delay of 3 system clocks before an
                       y GPIO reg. access  (p413 datasheet de lm3s9B92.pdf)
   46 00000008 BF00            nop                          ;; tres tres import
                                                            ant....
   47 0000000A BF00            nop
   48 0000000C BF00            nop                          ;; pas necessaire e
                                                            n simu ou en debbug
                                                             step by step...
   49 0000000E         
   50 0000000E         ;^^^^^^^^^^^^^^^^^^^^^^^^^^^^^^CONFIGURATION LED
   51 0000000E         
   52 0000000E 4E0F            ldr              r6, = GPIO_PORTF_BASE+GPIO_O_DI
R 
                                                            ;; 1 Pin du portF e
                                                            n sortie (broche 4 
                                                            : 00010000)
   53 00000010 F04F 0030       ldr              r0, = BROCHE4_5
   54 00000014 6030            str              r0, [r6]
   55 00000016         
   56 00000016 4E0E            ldr              r6, = GPIO_PORTF_BASE+GPIO_O_DE
N 
                                                            ;; Enable Digital F
                                                            unction 
   57 00000018 F04F 0030       ldr              r0, = BROCHE4_5
   58 0000001C 6030            str              r0, [r6]
   59 0000001E         
   60 0000001E 4E0D            ldr              r6, = GPIO_PORTF_BASE+GPIO_O_DR
2R 
                                                            ;; Choix de l'inten
                                                            sité de sortie (2mA
                                                            )
   61 00000020 F04F 0030       ldr              r0, = BROCHE4_5
   62 00000024 6030            str              r0, [r6]
   63 00000026         
   64 00000026 F04F 0200       mov              r2, #0x000  ;; pour eteindre LE
                                                            D



ARM Macro Assembler    Page 3 


   65 0000002A         
   66 0000002A         ; allumer la led broche 4 (BROCHE4_5)
   67 0000002A F04F 0330       mov              r3, #BROCHE4_5 ;; Allume LED1&2
                                                             portF broche 4&5 :
                                                             00110000
   68 0000002E         
   69 0000002E 4E0A            ldr              r6, = GPIO_PORTF_BASE + (BROCHE
4_5<<2) 
                                                            ;; @data Register =
                                                             @base + (mask<<2) 
                                                            ==> LED1
   70 00000030         ;vvvvvvvvvvvvvvvvvvvvvvvFin configuration LED 
   71 00000030         
   72 00000030         
   73 00000030         
   74 00000030         
   75 00000030         
   76 00000030         
   77 00000030         ;^^^^^^^^^^^^^^^^^^^^^^^^^^^^^^CLIGNOTTEMENT
   78 00000030         
   79 00000030 6033            str              r3, [r6]    ;; Allume LED1&2 po
                                                            rtF broche 4&5 : 00
                                                            110000 (contenu de 
                                                            r3)
   80 00000032         
   81 00000032         loop
   82 00000032 6032            str              r2, [r6]    ;; Eteint LED car r
                                                            2 = 0x00      
   83 00000034 4909            ldr              r1, = DUREE ;; pour la duree de
                                                             la boucle d'attent
                                                            e1 (wait1)
   84 00000036         
   85 00000036 3901    wait1   subs             r1, #1
   86 00000038 D1FD            bne              wait1
   87 0000003A         
   88 0000003A 6033            str              r3, [r6]    ;; Allume LED1&2 po
                                                            rtF broche 4&5 : 00
                                                            110000 (contenu de 
                                                            r3)
   89 0000003C 4907            ldr              r1, = DUREE ;; pour la duree de
                                                             la boucle d'attent
                                                            e2 (wait2)
   90 0000003E         
   91 0000003E 3901    wait2   subs             r1, #1
   92 00000040 D1FD            bne              wait2
   93 00000042         
   94 00000042 E7F6            b                loop
   95 00000044         
   96 00000044         
   97 00000044         
   98 00000044 BF00            nop
   99 00000046                 END
              00 00 400FE108 
              40025400 
              4002551C 
              40025500 
              400250C0 
              002FFFFF 
Command Line: --debug --xref --diag_suppress=9931 --cpu=Cortex-M3 --apcs=interw



ARM Macro Assembler    Page 4 


ork --depend=.\objects\blinky_2led.d -o.\objects\blinky_2led.o -I.\RTE\_Target_
1 -IC:\Users\maglo\AppData\Local\Arm\Packs\ARM\CMSIS\5.5.1\CMSIS\Core\Include -
IC:\Users\maglo\AppData\Local\Arm\Packs\ARM\CMSIS\5.5.1\Device\ARM\ARMCM3\Inclu
de --predefine="__EVAL SETA 1" --predefine="__MICROLIB SETA 1" --predefine="__U
VISION_VERSION SETA 528" --predefine="_RTE_ SETA 1" --predefine="ARMCM3 SETA 1"
 --list=.\listings\blinky_2led.lst blinky_2LED.s



ARM Macro Assembler    Page 1 Alphabetic symbol ordering
Relocatable symbols

.text 00000000

Symbol: .text
   Definitions
      At line 6 in file blinky_2LED.s
   Uses
      None
Comment: .text unused
__main 00000000

Symbol: __main
   Definitions
      At line 36 in file blinky_2LED.s
   Uses
      At line 35 in file blinky_2LED.s
Comment: __main used once
loop 00000032

Symbol: loop
   Definitions
      At line 81 in file blinky_2LED.s
   Uses
      At line 94 in file blinky_2LED.s
Comment: loop used once
wait1 00000036

Symbol: wait1
   Definitions
      At line 85 in file blinky_2LED.s
   Uses
      At line 86 in file blinky_2LED.s
Comment: wait1 used once
wait2 0000003E

Symbol: wait2
   Definitions
      At line 91 in file blinky_2LED.s
   Uses
      At line 92 in file blinky_2LED.s
Comment: wait2 used once
5 symbols



ARM Macro Assembler    Page 1 Alphabetic symbol ordering
Absolute symbols

BROCHE4_5 00000030

Symbol: BROCHE4_5
   Definitions
      At line 27 in file blinky_2LED.s
   Uses
      At line 53 in file blinky_2LED.s
      At line 57 in file blinky_2LED.s
      At line 61 in file blinky_2LED.s
      At line 67 in file blinky_2LED.s
      At line 69 in file blinky_2LED.s

DUREE 002FFFFF

Symbol: DUREE
   Definitions
      At line 30 in file blinky_2LED.s
   Uses
      At line 83 in file blinky_2LED.s
      At line 89 in file blinky_2LED.s

GPIO_O_DEN 0000051C

Symbol: GPIO_O_DEN
   Definitions
      At line 24 in file blinky_2LED.s
   Uses
      At line 56 in file blinky_2LED.s
Comment: GPIO_O_DEN used once
GPIO_O_DIR 00000400

Symbol: GPIO_O_DIR
   Definitions
      At line 16 in file blinky_2LED.s
   Uses
      At line 52 in file blinky_2LED.s
Comment: GPIO_O_DIR used once
GPIO_O_DR2R 00000500

Symbol: GPIO_O_DR2R
   Definitions
      At line 20 in file blinky_2LED.s
   Uses
      At line 60 in file blinky_2LED.s
Comment: GPIO_O_DR2R used once
GPIO_PORTF_BASE 40025000

Symbol: GPIO_PORTF_BASE
   Definitions
      At line 12 in file blinky_2LED.s
   Uses
      At line 52 in file blinky_2LED.s
      At line 56 in file blinky_2LED.s
      At line 60 in file blinky_2LED.s
      At line 69 in file blinky_2LED.s

SYSCTL_PERIPH_GPIO 400FE108

Symbol: SYSCTL_PERIPH_GPIO



ARM Macro Assembler    Page 2 Alphabetic symbol ordering
Absolute symbols

   Definitions
      At line 9 in file blinky_2LED.s
   Uses
      At line 40 in file blinky_2LED.s
Comment: SYSCTL_PERIPH_GPIO used once
7 symbols
349 symbols in table
