


ARM Macro Assembler    Page 1 


    1 00000000                 AREA             | .text|, CODE,READONLY
    2 00000000 0000000A 
                       a       EQU              0xA
    3 00000000 00000005 
                       b       EQU              0x5
    4 00000000 00000000 
                       i       EQU              0
    5 00000000         
    6 00000000         
    7 00000000                 ENTRY
    8 00000000                 EXPORT           __main
    9 00000000         __main
   10 00000000         
   11 00000000 F04F 010A       LDR              R1,=a
   12 00000004 F04F 0205       LDR              R2,=b
   13 00000008 F04F 0300       LDR              R3,=i
   14 0000000C         debut
   15 0000000C 1A89            SUBS             R1,R2
   16 0000000E DA00            BGE              incre
   17 00000010 E002            B                fin
   18 00000012 F103 0301 
                       incre   ADD              R3, #1
   19 00000016         
   20 00000016 E7F9            B                debut
   21 00000018         fin
   22 00000018 BF00            NOP
   23 0000001A         
   24 0000001A                 END                          ; end of programm 
Command Line: --debug --xref --diag_suppress=9931 --cpu=Cortex-M3 --apcs=interw
ork --depend=.\objects\exo2.d -o.\objects\exo2.o -I.\RTE\_Target_1 -IC:\Users\m
aglo\AppData\Local\Arm\Packs\ARM\CMSIS\5.5.1\CMSIS\Core\Include -IC:\Users\magl
o\AppData\Local\Arm\Packs\ARM\CMSIS\5.5.1\Device\ARM\ARMCM3\Include --predefine
="__EVAL SETA 1" --predefine="__MICROLIB SETA 1" --predefine="__UVISION_VERSION
 SETA 528" --predefine="_RTE_ SETA 1" --predefine="ARMCM3 SETA 1" --list=.\list
ings\exo2.lst exo2.s



ARM Macro Assembler    Page 1 Alphabetic symbol ordering
Relocatable symbols

 .text 00000000

Symbol:  .text
   Definitions
      At line 1 in file exo2.s
   Uses
      None
Comment:  .text unused
__main 00000000

Symbol: __main
   Definitions
      At line 9 in file exo2.s
   Uses
      At line 8 in file exo2.s
Comment: __main used once
debut 0000000C

Symbol: debut
   Definitions
      At line 14 in file exo2.s
   Uses
      At line 20 in file exo2.s
Comment: debut used once
fin 00000018

Symbol: fin
   Definitions
      At line 21 in file exo2.s
   Uses
      At line 17 in file exo2.s
Comment: fin used once
incre 00000012

Symbol: incre
   Definitions
      At line 18 in file exo2.s
   Uses
      At line 16 in file exo2.s
Comment: incre used once
5 symbols



ARM Macro Assembler    Page 1 Alphabetic symbol ordering
Absolute symbols

a 0000000A

Symbol: a
   Definitions
      At line 2 in file exo2.s
   Uses
      At line 11 in file exo2.s
Comment: a used once
b 00000005

Symbol: b
   Definitions
      At line 3 in file exo2.s
   Uses
      At line 12 in file exo2.s
Comment: b used once
i 00000000

Symbol: i
   Definitions
      At line 4 in file exo2.s
   Uses
      At line 13 in file exo2.s
Comment: i used once
3 symbols
343 symbols in table
