


ARM Macro Assembler    Page 1 


    1 00000000                 AREA             | .text|, CODE,READONLY
    2 00000000 00000001 
                       a       EQU              0x1
    3 00000000 00000003 
                       b       EQU              0x3
    4 00000000 00000002 
                       c       EQU              0x2
    5 00000000 00000000 
                       min     EQU              0x0
    6 00000000         
    7 00000000                 ENTRY
    8 00000000                 EXPORT           __main
    9 00000000         __main
   10 00000000         
   11 00000000 F04F 0001       LDR              R0,=a
   12 00000004 F04F 0103       LDR              R1,=b
   13 00000008 F04F 0202       LDR              R2,=c
   14 0000000C F04F 0400       LDR              R4,=min
   15 00000010 4604            MOV              R4,R0       ; a est par défaut 
                                                            initialisé à min
   16 00000012         
   17 00000012         ;on compare b avec a puis avec c 
   18 00000012 4288            CMP              R0,R1
   19 00000014 DB03            BLT              amin
   20 00000016 4291            CMP              R1,R2
   21 00000018 DB05            BLT              bmin        ; b est min
   22 0000001A 6814            LDR              R4,[R2]     ; c est min
   23 0000001C D004            BEQ              fin
   24 0000001E         amin                                 ; si a > b  on comp
                                                            are avec c 
   25 0000001E 4290            CMP              R0,R2
   26 00000020 DB02            BLT              fin         ; a est min , on ne
                                                             fait rien  car  ma
                                                            x  déjà  initialisé
                                                             avec a 
   27 00000022 4614            MOV              R4,R2       ; cest min 
   28 00000024 E000            B                fin
   29 00000026 460C    bmin    MOV              R4,R1
   30 00000028         
   31 00000028         fin
   32 00000028         
   33 00000028                 END                          ; end of programm 
Command Line: --debug --xref --diag_suppress=9931 --cpu=Cortex-M3 --apcs=interw
ork --depend=.\objects\exo6.d -o.\objects\exo6.o -I.\RTE\_Target_1 -IC:\Users\m
aglo\AppData\Local\Arm\Packs\ARM\CMSIS\5.5.1\CMSIS\Core\Include -IC:\Users\magl
o\AppData\Local\Arm\Packs\ARM\CMSIS\5.5.1\Device\ARM\ARMCM3\Include --predefine
="__EVAL SETA 1" --predefine="__MICROLIB SETA 1" --predefine="__UVISION_VERSION
 SETA 528" --predefine="_RTE_ SETA 1" --predefine="ARMCM3 SETA 1" --list=.\list
ings\exo6.lst Exo6.s



ARM Macro Assembler    Page 1 Alphabetic symbol ordering
Relocatable symbols

 .text 00000000

Symbol:  .text
   Definitions
      At line 1 in file Exo6.s
   Uses
      None
Comment:  .text unused
__main 00000000

Symbol: __main
   Definitions
      At line 9 in file Exo6.s
   Uses
      At line 8 in file Exo6.s
Comment: __main used once
amin 0000001E

Symbol: amin
   Definitions
      At line 24 in file Exo6.s
   Uses
      At line 19 in file Exo6.s
Comment: amin used once
bmin 00000026

Symbol: bmin
   Definitions
      At line 29 in file Exo6.s
   Uses
      At line 21 in file Exo6.s
Comment: bmin used once
fin 00000028

Symbol: fin
   Definitions
      At line 31 in file Exo6.s
   Uses
      At line 23 in file Exo6.s
      At line 26 in file Exo6.s
      At line 28 in file Exo6.s

5 symbols



ARM Macro Assembler    Page 1 Alphabetic symbol ordering
Absolute symbols

a 00000001

Symbol: a
   Definitions
      At line 2 in file Exo6.s
   Uses
      At line 11 in file Exo6.s
Comment: a used once
b 00000003

Symbol: b
   Definitions
      At line 3 in file Exo6.s
   Uses
      At line 12 in file Exo6.s
Comment: b used once
c 00000002

Symbol: c
   Definitions
      At line 4 in file Exo6.s
   Uses
      At line 13 in file Exo6.s
Comment: c used once
min 00000000

Symbol: min
   Definitions
      At line 5 in file Exo6.s
   Uses
      At line 14 in file Exo6.s
Comment: min used once
4 symbols
344 symbols in table
